2026-02-08T22:27:58.022+05:30  INFO 16512 --- [config-server] [main] c.n.c.ConfigServerApplication            : Starting ConfigServerApplication using Java 17.0.16 with PID 16512 (E:\Advanced Projects\Netflix-OSS\config-server\target\classes started by Admin in E:\Advanced Projects\Netflix-OSS\config-server)
2026-02-08T22:27:58.027+05:30  INFO 16512 --- [config-server] [main] c.n.c.ConfigServerApplication            : The following 1 profile is active: "native"
2026-02-08T22:28:01.436+05:30  INFO 16512 --- [config-server] [main] o.s.cloud.context.scope.GenericScope     : BeanFactory id=4622ef4e-7fa9-31bd-b9aa-13825895ea4f
2026-02-08T22:28:02.740+05:30  INFO 16512 --- [config-server] [main] o.s.b.w.embedded.tomcat.TomcatWebServer  : Tomcat initialized with port 8888 (http)
2026-02-08T22:28:02.820+05:30  INFO 16512 --- [config-server] [main] o.apache.catalina.core.StandardService   : Starting service [Tomcat]
2026-02-08T22:28:02.822+05:30  INFO 16512 --- [config-server] [main] o.apache.catalina.core.StandardEngine    : Starting Servlet engine: [Apache Tomcat/10.1.24]
2026-02-08T22:28:03.214+05:30  INFO 16512 --- [config-server] [main] o.a.c.c.C.[Tomcat].[localhost].[/]       : Initializing Spring embedded WebApplicationContext
2026-02-08T22:28:03.217+05:30  INFO 16512 --- [config-server] [main] w.s.c.ServletWebServerApplicationContext : Root WebApplicationContext: initialization completed in 5081 ms
2026-02-08T22:28:06.974+05:30  INFO 16512 --- [config-server] [main] o.s.b.a.e.web.EndpointLinksResolver      : Exposing 3 endpoint(s) beneath base path '/actuator'
2026-02-08T22:28:07.159+05:30  INFO 16512 --- [config-server] [main] o.s.b.w.embedded.tomcat.TomcatWebServer  : Tomcat started on port 8888 (http) with context path ''
2026-02-08T22:28:07.691+05:30  INFO 16512 --- [config-server] [main] c.n.c.ConfigServerApplication            : Started ConfigServerApplication in 11.771 seconds (process running for 12.909)
2026-02-08T22:28:07.728+05:30  INFO 16512 --- [config-server] [http-nio-8888-exec-1] o.a.c.c.C.[Tomcat].[localhost].[/]       : Initializing Spring DispatcherServlet 'dispatcherServlet'
2026-02-08T22:28:07.728+05:30  INFO 16512 --- [config-server] [http-nio-8888-exec-1] o.s.web.servlet.DispatcherServlet        : Initializing Servlet 'dispatcherServlet'
2026-02-08T22:28:07.733+05:30  INFO 16512 --- [config-server] [http-nio-8888-exec-1] o.s.web.servlet.DispatcherServlet        : Completed initialization in 5 ms
2026-02-08T22:28:07.947+05:30  INFO 16512 --- [config-server] [http-nio-8888-exec-1] o.s.c.c.s.e.NativeEnvironmentRepository  : Adding property source: Config resource 'file [..\config-repo\application.yml]' via location 'file:../config-repo/'
2026-02-08T22:28:08.303+05:30  INFO 16512 --- [config-server] [http-nio-8888-exec-2] o.s.c.c.s.e.NativeEnvironmentRepository  : Adding property source: Config resource 'file [..\config-repo\eureka-server.yml]' via location 'file:../config-repo/'
2026-02-08T22:28:08.306+05:30  INFO 16512 --- [config-server] [http-nio-8888-exec-2] o.s.c.c.s.e.NativeEnvironmentRepository  : Adding property source: Config resource 'file [..\config-repo\application.yml]' via location 'file:../config-repo/'
2026-02-08T22:29:09.709+05:30  INFO 16512 --- [config-server] [http-nio-8888-exec-4] o.s.c.c.s.e.NativeEnvironmentRepository  : Adding property source: Config resource 'file [..\config-repo\product-stock-service.yml]' via location 'file:../config-repo/'
2026-02-08T22:29:09.709+05:30  INFO 16512 --- [config-server] [http-nio-8888-exec-4] o.s.c.c.s.e.NativeEnvironmentRepository  : Adding property source: Config resource 'file [..\config-repo\application.yml]' via location 'file:../config-repo/'
2026-02-08T22:29:56.594+05:30  INFO 16512 --- [config-server] [http-nio-8888-exec-5] o.s.c.c.s.e.NativeEnvironmentRepository  : Adding property source: Config resource 'file [..\config-repo\shop-management-service.yml]' via location 'file:../config-repo/'
2026-02-08T22:29:56.597+05:30  INFO 16512 --- [config-server] [http-nio-8888-exec-5] o.s.c.c.s.e.NativeEnvironmentRepository  : Adding property source: Config resource 'file [..\config-repo\application.yml]' via location 'file:../config-repo/'
2026-02-08T22:30:46.674+05:30  INFO 16512 --- [config-server] [http-nio-8888-exec-8] o.s.c.c.s.e.NativeEnvironmentRepository  : Adding property source: Config resource 'file [..\config-repo\api-gateway.yml]' via location 'file:../config-repo/'
2026-02-08T22:30:46.676+05:30  INFO 16512 --- [config-server] [http-nio-8888-exec-8] o.s.c.c.s.e.NativeEnvironmentRepository  : Adding property source: Config resource 'file [..\config-repo\application.yml]' via location 'file:../config-repo/'
2026-02-08T22:31:00.346+05:30  INFO 16512 --- [config-server] [http-nio-8888-exec-9] o.s.c.c.s.e.NativeEnvironmentRepository  : Adding property source: Config resource 'file [..\config-repo\application.yml]' via location 'file:../config-repo/'
2026-02-08T22:36:50.785+05:30  INFO 16512 --- [config-server] [http-nio-8888-exec-2] o.s.c.c.s.e.NativeEnvironmentRepository  : Adding property source: Config resource 'file [..\config-repo\application.yml]' via location 'file:../config-repo/'
2026-02-08T22:36:51.273+05:30  INFO 16512 --- [config-server] [http-nio-8888-exec-3] o.s.c.c.s.e.NativeEnvironmentRepository  : Adding property source: Config resource 'file [..\config-repo\eureka-server.yml]' via location 'file:../config-repo/'
2026-02-08T22:36:51.278+05:30  INFO 16512 --- [config-server] [http-nio-8888-exec-3] o.s.c.c.s.e.NativeEnvironmentRepository  : Adding property source: Config resource 'file [..\config-repo\application.yml]' via location 'file:../config-repo/'
2026-02-08T22:36:54.773+05:30  INFO 16512 --- [config-server] [http-nio-8888-exec-4] o.s.c.c.s.e.NativeEnvironmentRepository  : Adding property source: Config resource 'file [..\config-repo\eureka-server.yml]' via location 'file:../config-repo/'
2026-02-08T22:36:54.774+05:30  INFO 16512 --- [config-server] [http-nio-8888-exec-4] o.s.c.c.s.e.NativeEnvironmentRepository  : Adding property source: Config resource 'file [..\config-repo\application.yml]' via location 'file:../config-repo/'
2026-02-08T22:36:57.978+05:30  INFO 16512 --- [config-server] [http-nio-8888-exec-5] o.s.c.c.s.e.NativeEnvironmentRepository  : Adding property source: Config resource 'file [..\config-repo\eureka-server.yml]' via location 'file:../config-repo/'
2026-02-08T22:36:57.979+05:30  INFO 16512 --- [config-server] [http-nio-8888-exec-5] o.s.c.c.s.e.NativeEnvironmentRepository  : Adding property source: Config resource 'file [..\config-repo\application.yml]' via location 'file:../config-repo/'
2026-02-08T22:37:01.160+05:30  INFO 16512 --- [config-server] [http-nio-8888-exec-7] o.s.c.c.s.e.NativeEnvironmentRepository  : Adding property source: Config resource 'file [..\config-repo\eureka-server.yml]' via location 'file:../config-repo/'
2026-02-08T22:37:01.172+05:30  INFO 16512 --- [config-server] [http-nio-8888-exec-7] o.s.c.c.s.e.NativeEnvironmentRepository  : Adding property source: Config resource 'file [..\config-repo\application.yml]' via location 'file:../config-repo/'
2026-02-08T22:37:04.338+05:30  INFO 16512 --- [config-server] [http-nio-8888-exec-8] o.s.c.c.s.e.NativeEnvironmentRepository  : Adding property source: Config resource 'file [..\config-repo\eureka-server.yml]' via location 'file:../config-repo/'
2026-02-08T22:37:04.346+05:30  INFO 16512 --- [config-server] [http-nio-8888-exec-8] o.s.c.c.s.e.NativeEnvironmentRepository  : Adding property source: Config resource 'file [..\config-repo\application.yml]' via location 'file:../config-repo/'
2026-02-08T22:37:07.470+05:30  INFO 16512 --- [config-server] [http-nio-8888-exec-6] o.s.c.c.s.e.NativeEnvironmentRepository  : Adding property source: Config resource 'file [..\config-repo\eureka-server.yml]' via location 'file:../config-repo/'
2026-02-08T22:37:07.472+05:30  INFO 16512 --- [config-server] [http-nio-8888-exec-6] o.s.c.c.s.e.NativeEnvironmentRepository  : Adding property source: Config resource 'file [..\config-repo\application.yml]' via location 'file:../config-repo/'
2026-02-08T22:37:08.595+05:30  INFO 23216 --- [config-server] [main] c.n.c.ConfigServerApplication            : Starting ConfigServerApplication using Java 17.0.16 with PID 23216 (E:\Advanced Projects\Netflix-OSS\config-server\target\classes started by Admin in E:\Advanced Projects\Netflix-OSS\config-server)
2026-02-08T22:37:08.599+05:30  INFO 23216 --- [config-server] [main] c.n.c.ConfigServerApplication            : The following 1 profile is active: "native"
2026-02-08T22:37:10.615+05:30  INFO 16512 --- [config-server] [http-nio-8888-exec-9] o.s.c.c.s.e.NativeEnvironmentRepository  : Adding property source: Config resource 'file [..\config-repo\eureka-server.yml]' via location 'file:../config-repo/'
2026-02-08T22:37:10.620+05:30  INFO 16512 --- [config-server] [http-nio-8888-exec-9] o.s.c.c.s.e.NativeEnvironmentRepository  : Adding property source: Config resource 'file [..\config-repo\application.yml]' via location 'file:../config-repo/'
2026-02-08T22:37:12.310+05:30  INFO 23216 --- [config-server] [main] o.s.cloud.context.scope.GenericScope     : BeanFactory id=4622ef4e-7fa9-31bd-b9aa-13825895ea4f
