2026-02-08T22:29:11.372+05:30  INFO [corr=NA] 19852 --- [product-stock-service] [main] c.n.stock.ProductStockApplication        : Starting ProductStockApplication using Java 17.0.16 with PID 19852 (E:\Advanced Projects\Netflix-OSS\product-stock-service\target\classes started by Admin in E:\Advanced Projects\Netflix-OSS\product-stock-service)
2026-02-08T22:29:11.381+05:30  INFO [corr=NA] 19852 --- [product-stock-service] [main] c.n.stock.ProductStockApplication        : No active profile set, falling back to 1 default profile: "default"
2026-02-08T22:29:11.568+05:30  INFO [corr=NA] 19852 --- [product-stock-service] [main] o.s.c.c.c.ConfigServerConfigDataLoader   : Fetching config from server at : http://localhost:8888
2026-02-08T22:29:11.571+05:30  INFO [corr=NA] 19852 --- [product-stock-service] [main] o.s.c.c.c.ConfigServerConfigDataLoader   : Located environment: name=product-stock-service, profiles=[default], label=null, version=null, state=null
2026-02-08T22:29:15.506+05:30  INFO [corr=NA] 19852 --- [product-stock-service] [main] .s.d.r.c.RepositoryConfigurationDelegate : Bootstrapping Spring Data JPA repositories in DEFAULT mode.
2026-02-08T22:29:15.988+05:30  INFO [corr=NA] 19852 --- [product-stock-service] [main] .s.d.r.c.RepositoryConfigurationDelegate : Finished Spring Data repository scanning in 444 ms. Found 1 JPA repository interface.
2026-02-08T22:29:16.769+05:30  INFO [corr=NA] 19852 --- [product-stock-service] [main] o.s.cloud.context.scope.GenericScope     : BeanFactory id=309d91a1-f785-3e5d-8e0b-ee5b49822b86
2026-02-08T22:29:17.092+05:30  WARN [corr=NA] 19852 --- [product-stock-service] [main] trationDelegate$BeanPostProcessorChecker : Bean 'soapLoggingInterceptor' of type [com.netflixoss.stock.soap.SoapLoggingInterceptor] is not eligible for getting processed by all BeanPostProcessors (for example: not eligible for auto-proxying). Is this bean getting eagerly injected into a currently created BeanPostProcessor [annotationActionEndpointMapping]? Check the corresponding BeanPostProcessor declaration and its dependencies.
2026-02-08T22:29:17.095+05:30  WARN [corr=NA] 19852 --- [product-stock-service] [main] trationDelegate$BeanPostProcessorChecker : Bean 'stockWebServiceConfig' of type [com.netflixoss.stock.soap.StockWebServiceConfig$$SpringCGLIB$$0] is not eligible for getting processed by all BeanPostProcessors (for example: not eligible for auto-proxying). Is this bean getting eagerly injected into a currently created BeanPostProcessor [annotationActionEndpointMapping]? Check the corresponding BeanPostProcessor declaration and its dependencies.
2026-02-08T22:29:17.096+05:30  WARN [corr=NA] 19852 --- [product-stock-service] [main] trationDelegate$BeanPostProcessorChecker : Bean 'org.springframework.ws.config.annotation.DelegatingWsConfiguration' of type [org.springframework.ws.config.annotation.DelegatingWsConfiguration$$SpringCGLIB$$0] is not eligible for getting processed by all BeanPostProcessors (for example: not eligible for auto-proxying). The currently created BeanPostProcessor [annotationActionEndpointMapping] is declared through a non-static factory method on that class; consider declaring it as static instead.
2026-02-08T22:29:17.296+05:30  INFO [corr=NA] 19852 --- [product-stock-service] [main] .w.s.a.s.AnnotationActionEndpointMapping : Supporting [WS-Addressing August 2004, WS-Addressing 1.0]
2026-02-08T22:29:18.168+05:30  WARN [corr=NA] 19852 --- [product-stock-service] [main] trationDelegate$BeanPostProcessorChecker : Bean 'org.springframework.cloud.client.loadbalancer.LoadBalancerAutoConfiguration$DeferringLoadBalancerInterceptorConfig' of type [org.springframework.cloud.client.loadbalancer.LoadBalancerAutoConfiguration$DeferringLoadBalancerInterceptorConfig] is not eligible for getting processed by all BeanPostProcessors (for example: not eligible for auto-proxying). The currently created BeanPostProcessor [lbRestClientPostProcessor] is declared through a non-static factory method on that class; consider declaring it as static instead.
2026-02-08T22:29:18.182+05:30  WARN [corr=NA] 19852 --- [product-stock-service] [main] trationDelegate$BeanPostProcessorChecker : Bean 'deferringLoadBalancerInterceptor' of type [org.springframework.cloud.client.loadbalancer.DeferringLoadBalancerInterceptor] is not eligible for getting processed by all BeanPostProcessors (for example: not eligible for auto-proxying). Is this bean getting eagerly injected into a currently created BeanPostProcessor [lbRestClientPostProcessor]? Check the corresponding BeanPostProcessor declaration and its dependencies.
2026-02-08T22:29:19.367+05:30  INFO [corr=NA] 19852 --- [product-stock-service] [main] o.s.b.w.embedded.tomcat.TomcatWebServer  : Tomcat initialized with port 8082 (http)
2026-02-08T22:29:19.419+05:30  INFO [corr=NA] 19852 --- [product-stock-service] [main] o.apache.catalina.core.StandardService   : Starting service [Tomcat]
2026-02-08T22:29:19.421+05:30  INFO [corr=NA] 19852 --- [product-stock-service] [main] o.apache.catalina.core.StandardEngine    : Starting Servlet engine: [Apache Tomcat/10.1.24]
2026-02-08T22:29:19.899+05:30  INFO [corr=NA] 19852 --- [product-stock-service] [main] o.a.c.c.C.[Tomcat].[localhost].[/]       : Initializing Spring embedded WebApplicationContext
2026-02-08T22:29:19.900+05:30  INFO [corr=NA] 19852 --- [product-stock-service] [main] w.s.c.ServletWebServerApplicationContext : Root WebApplicationContext: initialization completed in 8320 ms
2026-02-08T22:29:20.462+05:30  INFO [corr=NA] 19852 --- [product-stock-service] [main] com.zaxxer.hikari.HikariDataSource       : HikariPool-1 - Starting...
2026-02-08T22:29:21.339+05:30  INFO [corr=NA] 19852 --- [product-stock-service] [main] com.zaxxer.hikari.pool.HikariPool        : HikariPool-1 - Added connection conn0: url=jdbc:h2:mem:stockdb user=SA
2026-02-08T22:29:21.354+05:30  INFO [corr=NA] 19852 --- [product-stock-service] [main] com.zaxxer.hikari.HikariDataSource       : HikariPool-1 - Start completed.
2026-02-08T22:29:21.466+05:30  INFO [corr=NA] 19852 --- [product-stock-service] [main] o.s.b.a.h2.H2ConsoleAutoConfiguration    : H2 console available at '/h2-console'. Database available at 'jdbc:h2:mem:stockdb'
2026-02-08T22:29:22.165+05:30  INFO [corr=NA] 19852 --- [product-stock-service] [main] o.hibernate.jpa.internal.util.LogHelper  : HHH000204: Processing PersistenceUnitInfo [name: default]
2026-02-08T22:29:22.341+05:30  INFO [corr=NA] 19852 --- [product-stock-service] [main] org.hibernate.Version                    : HHH000412: Hibernate ORM core version 6.4.8.Final
2026-02-08T22:29:22.472+05:30  INFO [corr=NA] 19852 --- [product-stock-service] [main] o.h.c.internal.RegionFactoryInitiator    : HHH000026: Second-level cache disabled
2026-02-08T22:29:23.215+05:30  INFO [corr=NA] 19852 --- [product-stock-service] [main] o.s.o.j.p.SpringPersistenceUnitInfo      : No LoadTimeWeaver setup: ignoring JPA class transformer
2026-02-08T22:29:27.526+05:30  INFO [corr=NA] 19852 --- [product-stock-service] [main] o.h.e.t.j.p.i.JtaPlatformInitiator       : HHH000489: No JTA platform available (set 'hibernate.transaction.jta.platform' to enable JTA platform integration)
2026-02-08T22:29:27.628+05:30  INFO [corr=NA] 19852 --- [product-stock-service] [main] j.LocalContainerEntityManagerFactoryBean : Initialized JPA EntityManagerFactory for persistence unit 'default'
2026-02-08T22:29:29.949+05:30  WARN [corr=NA] 19852 --- [product-stock-service] [main] JpaBaseConfiguration$JpaWebConfiguration : spring.jpa.open-in-view is enabled by default. Therefore, database queries may be performed during view rendering. Explicitly configure spring.jpa.open-in-view to disable this warning
2026-02-08T22:29:35.124+05:30  INFO [corr=NA] 19852 --- [product-stock-service] [main] DiscoveryClientOptionalArgsConfiguration : Eureka HTTP Client uses RestTemplate.
2026-02-08T22:29:35.309+05:30  WARN [corr=NA] 19852 --- [product-stock-service] [main] iguration$LoadBalancerCaffeineWarnLogger : Spring Cloud LoadBalancer is currently working with the default cache. While this cache implementation is useful for development and tests, it's recommended to use Caffeine cache in production.You can switch to using Caffeine cache, by adding it and org.springframework.cache.caffeine.CaffeineCacheManager to the classpath.
2026-02-08T22:29:35.340+05:30  INFO [corr=NA] 19852 --- [product-stock-service] [main] o.s.b.a.e.web.EndpointLinksResolver      : Exposing 3 endpoint(s) beneath base path '/actuator'
2026-02-08T22:29:35.519+05:30  INFO [corr=NA] 19852 --- [product-stock-service] [main] o.s.c.n.eureka.InstanceInfoFactory       : Setting initial instance status as: STARTING
2026-02-08T22:29:35.586+05:30  INFO [corr=NA] 19852 --- [product-stock-service] [main] com.netflix.discovery.DiscoveryClient    : Initializing Eureka in region us-east-1
2026-02-08T22:29:35.597+05:30  INFO [corr=NA] 19852 --- [product-stock-service] [main] c.n.d.s.r.aws.ConfigClusterResolver      : Resolving eureka endpoints via configuration
2026-02-08T22:29:35.621+05:30  INFO [corr=NA] 19852 --- [product-stock-service] [main] com.netflix.discovery.DiscoveryClient    : Disable delta property : false
2026-02-08T22:29:35.622+05:30  INFO [corr=NA] 19852 --- [product-stock-service] [main] com.netflix.discovery.DiscoveryClient    : Single vip registry refresh property : null
2026-02-08T22:29:35.624+05:30  INFO [corr=NA] 19852 --- [product-stock-service] [main] com.netflix.discovery.DiscoveryClient    : Force full registry fetch : false
2026-02-08T22:29:35.624+05:30  INFO [corr=NA] 19852 --- [product-stock-service] [main] com.netflix.discovery.DiscoveryClient    : Application is null : false
2026-02-08T22:29:35.625+05:30  INFO [corr=NA] 19852 --- [product-stock-service] [main] com.netflix.discovery.DiscoveryClient    : Registered Applications size is zero : true
2026-02-08T22:29:35.626+05:30  INFO [corr=NA] 19852 --- [product-stock-service] [main] com.netflix.discovery.DiscoveryClient    : Application version is -1: true
2026-02-08T22:29:35.626+05:30  INFO [corr=NA] 19852 --- [product-stock-service] [main] com.netflix.discovery.DiscoveryClient    : Getting all instance registry info from the eureka server
2026-02-08T22:29:36.944+05:30  INFO [corr=NA] 19852 --- [product-stock-service] [main] com.netflix.discovery.DiscoveryClient    : The response status is 200
2026-02-08T22:29:36.947+05:30  INFO [corr=NA] 19852 --- [product-stock-service] [main] com.netflix.discovery.DiscoveryClient    : Starting heartbeat executor: renew interval is: 30
2026-02-08T22:29:36.952+05:30  INFO [corr=NA] 19852 --- [product-stock-service] [main] c.n.discovery.InstanceInfoReplicator     : InstanceInfoReplicator onDemand update allowed rate per min is 4
2026-02-08T22:29:36.980+05:30  INFO [corr=NA] 19852 --- [product-stock-service] [main] com.netflix.discovery.DiscoveryClient    : Discovery Client initialized at timestamp 1770569976977 with initial instances count: 0
2026-02-08T22:29:37.002+05:30  INFO [corr=NA] 19852 --- [product-stock-service] [main] o.s.c.n.e.s.EurekaServiceRegistry        : Registering application PRODUCT-STOCK-SERVICE with eureka with status UP
2026-02-08T22:29:37.006+05:30  INFO [corr=NA] 19852 --- [product-stock-service] [main] com.netflix.discovery.DiscoveryClient    : Saw local status change event StatusChangeEvent [timestamp=1770569977006, current=UP, previous=STARTING]
2026-02-08T22:29:37.012+05:30  INFO [corr=NA] 19852 --- [product-stock-service] [DiscoveryClient-InstanceInfoReplicator-%d] com.netflix.discovery.DiscoveryClient    : DiscoveryClient_PRODUCT-STOCK-SERVICE/Gagan261011:product-stock-service:8082: registering service...
2026-02-08T22:29:37.081+05:30  INFO [corr=NA] 19852 --- [product-stock-service] [main] o.s.b.w.embedded.tomcat.TomcatWebServer  : Tomcat started on port 8082 (http) with context path ''
2026-02-08T22:29:37.092+05:30  INFO [corr=NA] 19852 --- [product-stock-service] [main] .s.c.n.e.s.EurekaAutoServiceRegistration : Updating port to 8082
2026-02-08T22:29:37.450+05:30  INFO [corr=NA] 19852 --- [product-stock-service] [DiscoveryClient-InstanceInfoReplicator-%d] com.netflix.discovery.DiscoveryClient    : DiscoveryClient_PRODUCT-STOCK-SERVICE/Gagan261011:product-stock-service:8082 - registration status: 204
2026-02-08T22:29:37.508+05:30  INFO [corr=NA] 19852 --- [product-stock-service] [http-nio-8082-exec-1] o.a.c.c.C.[Tomcat].[localhost].[/]       : Initializing Spring DispatcherServlet 'dispatcherServlet'
2026-02-08T22:29:37.510+05:30  INFO [corr=NA] 19852 --- [product-stock-service] [http-nio-8082-exec-1] o.s.web.servlet.DispatcherServlet        : Initializing Servlet 'dispatcherServlet'
2026-02-08T22:29:37.517+05:30  INFO [corr=NA] 19852 --- [product-stock-service] [http-nio-8082-exec-1] o.s.web.servlet.DispatcherServlet        : Completed initialization in 7 ms
2026-02-08T22:29:37.603+05:30  INFO [corr=NA] 19852 --- [product-stock-service] [main] c.n.stock.ProductStockApplication        : Started ProductStockApplication in 30.161 seconds (process running for 31.395)
2026-02-08T22:29:37.714+05:30  INFO [corr=cb622796-8ba6-4c3d-801f-99e9986e47a1] 19852 --- [product-stock-service] [http-nio-8082-exec-1] c.n.s.config.CorrelationLoggingFilter    : SVC IN method=GET path=/actuator/health headers={host=localhost:8082, user-agent=Mozilla/5.0 (Windows NT; Windows NT 10.0; en-IN) WindowsPowerShell/5.1.26100.7705} body=
2026-02-08T22:29:37.715+05:30  INFO [corr=cb622796-8ba6-4c3d-801f-99e9986e47a1] 19852 --- [product-stock-service] [http-nio-8082-exec-1] c.n.s.config.CorrelationLoggingFilter    : SVC OUT status=200 latencyMs=160
2026-02-08T22:30:06.967+05:30  INFO [corr=NA] 19852 --- [product-stock-service] [DiscoveryClient-CacheRefreshExecutor-%d] com.netflix.discovery.DiscoveryClient    : Disable delta property : false
2026-02-08T22:30:06.970+05:30  INFO [corr=NA] 19852 --- [product-stock-service] [DiscoveryClient-CacheRefreshExecutor-%d] com.netflix.discovery.DiscoveryClient    : Single vip registry refresh property : null
2026-02-08T22:30:06.974+05:30  INFO [corr=NA] 19852 --- [product-stock-service] [DiscoveryClient-CacheRefreshExecutor-%d] com.netflix.discovery.DiscoveryClient    : Force full registry fetch : false
2026-02-08T22:30:06.975+05:30  INFO [corr=NA] 19852 --- [product-stock-service] [DiscoveryClient-CacheRefreshExecutor-%d] com.netflix.discovery.DiscoveryClient    : Application is null : false
2026-02-08T22:30:06.976+05:30  INFO [corr=NA] 19852 --- [product-stock-service] [DiscoveryClient-CacheRefreshExecutor-%d] com.netflix.discovery.DiscoveryClient    : Registered Applications size is zero : true
2026-02-08T22:30:06.977+05:30  INFO [corr=NA] 19852 --- [product-stock-service] [DiscoveryClient-CacheRefreshExecutor-%d] com.netflix.discovery.DiscoveryClient    : Application version is -1: false
2026-02-08T22:30:06.979+05:30  INFO [corr=NA] 19852 --- [product-stock-service] [DiscoveryClient-CacheRefreshExecutor-%d] com.netflix.discovery.DiscoveryClient    : Getting all instance registry info from the eureka server
2026-02-08T22:30:07.046+05:30  INFO [corr=NA] 19852 --- [product-stock-service] [DiscoveryClient-CacheRefreshExecutor-%d] com.netflix.discovery.DiscoveryClient    : The response status is 200
2026-02-08T22:31:00.395+05:30  INFO [corr=5199c3e9-b0c2-4023-a63b-9d71fb545800] 19852 --- [product-stock-service] [http-nio-8082-exec-3] c.n.s.config.CorrelationLoggingFilter    : SVC IN method=GET path=/actuator/health headers={host=localhost:8082, user-agent=Mozilla/5.0 (Windows NT; Windows NT 10.0; en-IN) WindowsPowerShell/5.1.26100.7705} body=
2026-02-08T22:31:00.395+05:30  INFO [corr=5199c3e9-b0c2-4023-a63b-9d71fb545800] 19852 --- [product-stock-service] [http-nio-8082-exec-3] c.n.s.config.CorrelationLoggingFilter    : SVC OUT status=200 latencyMs=7
2026-02-08T22:31:42.625+05:30  INFO [corr=b6f0cc9b-bd26-492b-a3c6-b470c0f09821] 19852 --- [product-stock-service] [http-nio-8082-exec-4] c.n.s.config.CorrelationLoggingFilter    : SVC IN method=POST path=/api/stock/reserve headers={content-length=40, x-forwarded-proto=http, postman-token=47c8aae8-c175-4344-8aff-0adfb1944c38, x-correlation-id=b6f0cc9b-bd26-492b-a3c6-b470c0f09821, x-forwarded-port=8080, x-forwarded-for=0:0:0:0:0:0:0:1, forwarded=proto=http;host="localhost:8080";for="[0:0:0:0:0:0:0:1]:49492", accept=*/*, x-forwarded-host=localhost:8080, x-forwarded-prefix=/stock, host=192.168.1.5:8082, content-type=application/json, cache-control=no-cache, accept-encoding=gzip, deflate, br, user-agent=PostmanRuntime/7.51.1} body={
  "sku": "SKU-1002",
  "quantity": 1
}
2026-02-08T22:31:42.625+05:30  INFO [corr=b6f0cc9b-bd26-492b-a3c6-b470c0f09821] 19852 --- [product-stock-service] [http-nio-8082-exec-4] c.n.s.config.CorrelationLoggingFilter    : SVC OUT status=200 latencyMs=672
2026-02-08T22:32:00.044+05:30  INFO [corr=NA] 19852 --- [product-stock-service] [http-nio-8082-exec-5] o.a.c.c.C.[Tomcat].[localhost].[/]       : Initializing Spring MessageDispatcherServlet 'messageDispatcherServlet'
2026-02-08T22:32:00.044+05:30  INFO [corr=NA] 19852 --- [product-stock-service] [http-nio-8082-exec-5] o.s.w.t.http.MessageDispatcherServlet    : Initializing Servlet 'messageDispatcherServlet'
2026-02-08T22:32:00.056+05:30  INFO [corr=NA] 19852 --- [product-stock-service] [http-nio-8082-exec-5] o.s.ws.soap.saaj.SaajSoapMessageFactory  : Creating SAAJ 1.3 MessageFactory with SOAP 1.1 Protocol
2026-02-08T22:32:00.105+05:30  INFO [corr=NA] 19852 --- [product-stock-service] [http-nio-8082-exec-5] o.s.w.t.http.MessageDispatcherServlet    : Completed initialization in 61 ms
2026-02-08T22:32:00.609+05:30  INFO [corr=25810ace-d2a1-4dab-88fb-19865071d4ac] 19852 --- [product-stock-service] [http-nio-8082-exec-5] c.n.stock.soap.SoapLoggingInterceptor    : SOAP IN payload=<?xml version="1.0" encoding="UTF-8"?><st:RestockProductRequest xmlns:st="http://netflixoss.com/stock/soap">
      <st:sku>SKU-1001</st:sku>
      <st:qty>10</st:qty>
    </st:RestockProductRequest>
2026-02-08T22:32:01.398+05:30 ERROR [corr=25810ace-d2a1-4dab-88fb-19865071d4ac] 19852 --- [product-stock-service] [http-nio-8082-exec-5] c.n.stock.soap.SoapLoggingInterceptor    : SOAP FAULT payload=<?xml version="1.0" encoding="UTF-8"?><SOAP-ENV:Fault xmlns:SOAP-ENV="http://schemas.xmlsoap.org/soap/envelope/"><faultcode>SOAP-ENV:Server</faultcode><faultstring xml:lang="en">Product not found for sku: null</faultstring></SOAP-ENV:Fault>
2026-02-08T22:32:01.416+05:30  INFO [corr=NA] 19852 --- [product-stock-service] [http-nio-8082-exec-5] c.n.s.config.CorrelationLoggingFilter    : SVC IN method=POST path=/ws headers={content-length=316, soapaction=restockProduct, x-forwarded-proto=http, postman-token=c1dea245-92f2-4e19-8633-7559a9e474c1, x-correlation-id=25810ace-d2a1-4dab-88fb-19865071d4ac, x-forwarded-port=8080, x-forwarded-for=0:0:0:0:0:0:0:1, forwarded=proto=http;host="localhost:8080";for="[0:0:0:0:0:0:0:1]:49492", accept=*/*, x-forwarded-host=localhost:8080, x-forwarded-prefix=/soap, host=192.168.1.5:8082, content-type=text/xml;charset=UTF-8, cache-control=no-cache, accept-encoding=gzip, deflate, br, user-agent=PostmanRuntime/7.51.1} body=<soapenv:Envelope xmlns:soapenv="http://schemas.xmlsoap.org/soap/envelope/" xmlns:st="http://netflixoss.com/stock/soap">
  <soapenv:Header/>
  <soapenv:Body>
    <st:RestockProductRequest>
      <st:sku>SKU-1001</st:sku>
      <st:qty>10</st:qty>
    </st:RestockProductRequest>
  </soapenv:Body>
</soapenv:Envelope>
2026-02-08T22:32:01.417+05:30  INFO [corr=NA] 19852 --- [product-stock-service] [http-nio-8082-exec-5] c.n.s.config.CorrelationLoggingFilter    : SVC OUT status=500 latencyMs=1309
2026-02-08T22:32:27.995+05:30  INFO [corr=f84f70d6-bf82-4f70-bf2e-53e3bd713ef2] 19852 --- [product-stock-service] [http-nio-8082-exec-7] c.n.s.config.CorrelationLoggingFilter    : SVC IN method=GET path=/actuator/health headers={sec-fetch-mode=navigate, sec-fetch-site=none, accept-language=en-IN,en-GB;q=0.9,en-US;q=0.8,en;q=0.7,kn;q=0.6, cookie=***, sec-fetch-user=?1, accept=text/html,application/xhtml+xml,application/xml;q=0.9,image/avif,image/webp,image/apng,*/*;q=0.8,application/signed-exchange;v=b3;q=0.7, sec-ch-ua="Not(A:Brand";v="8", "Chromium";v="144", "Google Chrome";v="144", sec-ch-ua-mobile=?0, sec-ch-ua-platform="Windows", host=localhost:8082, upgrade-insecure-requests=1, connection=keep-alive, accept-encoding=gzip, deflate, br, zstd, user-agent=Mozilla/5.0 (Windows NT 10.0; Win64; x64) AppleWebKit/537.36 (KHTML, like Gecko) Chrome/144.0.0.0 Safari/537.36, sec-fetch-dest=document} body=
2026-02-08T22:32:27.995+05:30  INFO [corr=f84f70d6-bf82-4f70-bf2e-53e3bd713ef2] 19852 --- [product-stock-service] [http-nio-8082-exec-7] c.n.s.config.CorrelationLoggingFilter    : SVC OUT status=200 latencyMs=12
2026-02-08T22:32:28.521+05:30  INFO [corr=c867721d-5453-4e29-b6fa-c83ddc8ccd94] 19852 --- [product-stock-service] [http-nio-8082-exec-8] c.n.s.config.CorrelationLoggingFilter    : SVC IN method=GET path=/favicon.ico headers={sec-fetch-mode=no-cors, referer=http://localhost:8082/actuator/health, sec-fetch-site=same-origin, accept-language=en-IN,en-GB;q=0.9,en-US;q=0.8,en;q=0.7,kn;q=0.6, cookie=***, accept=image/avif,image/webp,image/apng,image/svg+xml,image/*,*/*;q=0.8, sec-ch-ua="Not(A:Brand";v="8", "Chromium";v="144", "Google Chrome";v="144", sec-ch-ua-mobile=?0, sec-ch-ua-platform="Windows", host=localhost:8082, connection=keep-alive, accept-encoding=gzip, deflate, br, zstd, user-agent=Mozilla/5.0 (Windows NT 10.0; Win64; x64) AppleWebKit/537.36 (KHTML, like Gecko) Chrome/144.0.0.0 Safari/537.36, sec-fetch-dest=image} body=
2026-02-08T22:32:28.521+05:30  INFO [corr=c867721d-5453-4e29-b6fa-c83ddc8ccd94] 19852 --- [product-stock-service] [http-nio-8082-exec-8] c.n.s.config.CorrelationLoggingFilter    : SVC OUT status=500 latencyMs=26
2026-02-08T22:32:39.897+05:30  INFO [corr=cf8b7e81-95ea-424c-939b-f4e490a7c255] 19852 --- [product-stock-service] [http-nio-8082-exec-9] c.n.s.config.CorrelationLoggingFilter    : SVC IN method=GET path=/actuator/logfile headers={sec-fetch-mode=navigate, sec-fetch-site=none, accept-language=en-IN,en-GB;q=0.9,en-US;q=0.8,en;q=0.7,kn;q=0.6, cookie=***, sec-fetch-user=?1, accept=text/html,application/xhtml+xml,application/xml;q=0.9,image/avif,image/webp,image/apng,*/*;q=0.8,application/signed-exchange;v=b3;q=0.7, sec-ch-ua="Not(A:Brand";v="8", "Chromium";v="144", "Google Chrome";v="144", sec-ch-ua-mobile=?0, sec-ch-ua-platform="Windows", host=localhost:8082, upgrade-insecure-requests=1, connection=keep-alive, accept-encoding=gzip, deflate, br, zstd, user-agent=Mozilla/5.0 (Windows NT 10.0; Win64; x64) AppleWebKit/537.36 (KHTML, like Gecko) Chrome/144.0.0.0 Safari/537.36, sec-fetch-dest=document} body=
2026-02-08T22:32:39.898+05:30  INFO [corr=cf8b7e81-95ea-424c-939b-f4e490a7c255] 19852 --- [product-stock-service] [http-nio-8082-exec-9] c.n.s.config.CorrelationLoggingFilter    : SVC OUT status=200 latencyMs=5
2026-02-08T22:32:40.072+05:30  INFO [corr=2fb0d462-0498-4757-a426-38ffeee85c43] 19852 --- [product-stock-service] [http-nio-8082-exec-10] c.n.s.config.CorrelationLoggingFilter    : SVC IN method=GET path=/favicon.ico headers={sec-fetch-mode=no-cors, referer=http://localhost:8082/actuator/logfile, sec-fetch-site=same-origin, accept-language=en-IN,en-GB;q=0.9,en-US;q=0.8,en;q=0.7,kn;q=0.6, cookie=***, accept=image/avif,image/webp,image/apng,image/svg+xml,image/*,*/*;q=0.8, sec-ch-ua="Not(A:Brand";v="8", "Chromium";v="144", "Google Chrome";v="144", sec-ch-ua-mobile=?0, sec-ch-ua-platform="Windows", host=localhost:8082, connection=keep-alive, accept-encoding=gzip, deflate, br, zstd, user-agent=Mozilla/5.0 (Windows NT 10.0; Win64; x64) AppleWebKit/537.36 (KHTML, like Gecko) Chrome/144.0.0.0 Safari/537.36, sec-fetch-dest=image} body=
2026-02-08T22:32:40.073+05:30  INFO [corr=2fb0d462-0498-4757-a426-38ffeee85c43] 19852 --- [product-stock-service] [http-nio-8082-exec-10] c.n.s.config.CorrelationLoggingFilter    : SVC OUT status=500 latencyMs=6
2026-02-08T22:34:35.637+05:30  INFO [corr=NA] 19852 --- [product-stock-service] [AsyncResolver-bootstrap-executor-%d] c.n.d.s.r.aws.ConfigClusterResolver      : Resolving eureka endpoints via configuration
